<?xml version="1.0" encoding="UTF-8"?>
<testsuite name="teste.CalculatorTest" tests="1" skipped="0" failures="0" errors="0" timestamp="2025-02-05T18:20:05" hostname="SLE217650" time="0.017">
  <properties/>
  <testcase name="testAdd()" classname="teste.CalculatorTest" time="0.017"/>
  <system-out><![CDATA[]]></system-out>
  <system-err><![CDATA[]]></system-err>
</testsuite>
